src/app/(dashboard)/kaizen/new/page.tsx(245,25): error TS2322: Type '{ label: string; placeholder: string; data: string[]; value: string[]; onChange: Dispatch<SetStateAction<string[]>>; searchable: true; creatable: true; getCreateLabel: (query: any) => string; }' is not assignable to type 'IntrinsicAttributes & MultiSelectProps & RefAttributes<HTMLInputElement> & { component?: any; renderRoot?: ((props: Record<...>) => ReactNode) | undefined; }'.
  Property 'creatable' does not exist on type 'IntrinsicAttributes & MultiSelectProps & RefAttributes<HTMLInputElement> & { component?: any; renderRoot?: ((props: Record<...>) => ReactNode) | undefined; }'.
src/app/(dashboard)/kaizen/new/page.tsx(246,42): error TS7006: Parameter 'query' implicitly has an 'any' type.
src/app/(dashboard)/owner/business-settings/page.tsx(599,44): error TS2322: Type '{ children: Element[]; striped: true; size: string; }' is not assignable to type 'IntrinsicAttributes & TableProps & RefAttributes<HTMLTableElement> & { component?: any; renderRoot?: ((props: Record<...>) => ReactNode) | undefined; }'.
  Property 'size' does not exist on type 'IntrinsicAttributes & TableProps & RefAttributes<HTMLTableElement> & { component?: any; renderRoot?: ((props: Record<...>) => ReactNode) | undefined; }'.
src/app/(dashboard)/owner/business-settings/page.tsx(873,51): error TS2322: Type '{ children: string[]; size: string; c: "dimmed"; }' is not assignable to type 'IntrinsicAttributes & CodeProps & RefAttributes<HTMLElement> & { component?: any; renderRoot?: ((props: Record<string, any>) => ReactNode) | undefined; }'.
  Property 'size' does not exist on type 'IntrinsicAttributes & CodeProps & RefAttributes<HTMLElement> & { component?: any; renderRoot?: ((props: Record<string, any>) => ReactNode) | undefined; }'.
src/app/(dashboard)/owner/industry-knowledge/page.tsx(11,52): error TS2724: '"@tabler/icons-react"' has no exported member named 'IconInfo'. Did you mean 'IconInbox'?
src/app/(dashboard)/wiki/articles/[slug]/edit/page.tsx(5,25): error TS2307: Cannot find module '../../new/page' or its corresponding type declarations.
src/app/(dashboard)/wiki/new/page.tsx(281,25): error TS2322: Type '{ label: string; placeholder: string; data: string[]; value: string[]; onChange: Dispatch<SetStateAction<string[]>>; searchable: true; creatable: true; getCreateLabel: (query: any) => string; }' is not assignable to type 'IntrinsicAttributes & MultiSelectProps & RefAttributes<HTMLInputElement> & { component?: any; renderRoot?: ((props: Record<...>) => ReactNode) | undefined; }'.
  Property 'creatable' does not exist on type 'IntrinsicAttributes & MultiSelectProps & RefAttributes<HTMLInputElement> & { component?: any; renderRoot?: ((props: Record<...>) => ReactNode) | undefined; }'.
src/app/(dashboard)/wiki/new/page.tsx(282,42): error TS7006: Parameter 'query' implicitly has an 'any' type.
src/app/api/communicator/summaries/route.ts(143,89): error TS1501: This regular expression flag is only available when targeting 'es2018' or later.
src/app/api/communicator/summaries/route.ts(146,90): error TS1501: This regular expression flag is only available when targeting 'es2018' or later.
src/app/api/communicator/summaries/route.ts(149,88): error TS1501: This regular expression flag is only available when targeting 'es2018' or later.
src/app/api/position-permissions/route.ts(20,19): error TS2554: Expected 2-3 arguments, but got 1.
src/app/api/teams/[id]/route.ts(16,17): error TS2554: Expected 2-3 arguments, but got 1.
src/app/api/teams/route.ts(17,17): error TS2554: Expected 2-3 arguments, but got 1.
src/lib/validations/communicator.ts(163,17): error TS2554: Expected 2-3 arguments, but got 1.
src/lib/validations/communicator.ts(242,22): error TS2554: Expected 2-3 arguments, but got 1.
src/lib/validations/procedures.ts(134,25): error TS2554: Expected 2-3 arguments, but got 1.
src/lib/validations/procedures.ts(153,18): error TS2554: Expected 2-3 arguments, but got 1.
src/lib/validations/procedures.ts(181,24): error TS2554: Expected 2-3 arguments, but got 1.
src/lib/validations/procedures.ts(182,23): error TS2554: Expected 2-3 arguments, but got 1.
src/lib/validations/procedures.ts(188,23): error TS2554: Expected 2-3 arguments, but got 1.
src/lib/validations/procedures.ts(199,19): error TS2554: Expected 2-3 arguments, but got 1.
src/lib/validations/procedures.ts(222,18): error TS2554: Expected 2-3 arguments, but got 1.
src/lib/validations/procedures.ts(249,20): error TS2554: Expected 2-3 arguments, but got 1.
src/lib/validations/procedures.ts(259,17): error TS2554: Expected 2-3 arguments, but got 1.
src/lib/validations/procedures.ts(290,22): error TS2554: Expected 2-3 arguments, but got 1.
